0 info it worked if it ends with ok
1 verbose cli [ 'node', '/usr/local/bin/npm', 'run', 'compile-templates' ]
2 info using npm@2.11.3
3 info using node@v0.12.7
4 verbose run-script [ 'precompile-templates',
4 verbose run-script   'compile-templates',
4 verbose run-script   'postcompile-templates' ]
5 info precompile-templates handlebamdle@1.0.0
6 info compile-templates handlebamdle@1.0.0
7 verbose unsafe-perm in lifecycle true
8 info handlebamdle@1.0.0 Failed to exec compile-templates script
9 verbose stack Error: handlebamdle@1.0.0 compile-templates: `bash scripts/compile-templates.sh`
9 verbose stack Exit status 1
9 verbose stack     at EventEmitter.<anonymous> (/usr/local/lib/node_modules/npm/lib/utils/lifecycle.js:213:16)
9 verbose stack     at EventEmitter.emit (events.js:110:17)
9 verbose stack     at ChildProcess.<anonymous> (/usr/local/lib/node_modules/npm/lib/utils/spawn.js:24:14)
9 verbose stack     at ChildProcess.emit (events.js:110:17)
9 verbose stack     at maybeClose (child_process.js:1015:16)
9 verbose stack     at Process.ChildProcess._handle.onexit (child_process.js:1087:5)
10 verbose pkgid handlebamdle@1.0.0
11 verbose cwd /Users/22634043/Work/handlebamdle/scripts
12 error Darwin 14.4.0
13 error argv "node" "/usr/local/bin/npm" "run" "compile-templates"
14 error node v0.12.7
15 error npm  v2.11.3
16 error code ELIFECYCLE
17 error handlebamdle@1.0.0 compile-templates: `bash scripts/compile-templates.sh`
17 error Exit status 1
18 error Failed at the handlebamdle@1.0.0 compile-templates script 'bash scripts/compile-templates.sh'.
18 error This is most likely a problem with the handlebamdle package,
18 error not with npm itself.
18 error Tell the author that this fails on your system:
18 error     bash scripts/compile-templates.sh
18 error You can get their info via:
18 error     npm owner ls handlebamdle
18 error There is likely additional logging output above.
19 verbose exit [ 1, true ]
